0 info it worked if it ends with ok
1 verbose cli [ 'node', '/usr/local/bin/npm', 'install', '-g', 'eslint' ]
2 info using npm@2.15.9
3 info using node@v0.10.25
4 verbose node symlink /usr/bin/node
5 verbose install initial load of /usr/lib/package.json
6 verbose readDependencies loading dependencies from /usr/lib/package.json
7 silly cache add args [ 'eslint', null ]
8 verbose cache add spec eslint
9 silly cache add parsed spec { raw: 'eslint',
9 silly cache add   scope: null,
9 silly cache add   name: 'eslint',
9 silly cache add   rawSpec: '',
9 silly cache add   spec: 'latest',
9 silly cache add   type: 'tag' }
10 silly addNamed eslint@latest
11 verbose addNamed "latest" is being treated as a dist-tag for eslint
12 info addNameTag [ 'eslint', 'latest' ]
13 silly mapToRegistry name eslint
14 silly mapToRegistry using default registry
15 silly mapToRegistry registry https://registry.npmjs.org/
16 silly mapToRegistry data { raw: 'eslint',
16 silly mapToRegistry   scope: null,
16 silly mapToRegistry   name: 'eslint',
16 silly mapToRegistry   rawSpec: '',
16 silly mapToRegistry   spec: 'latest',
16 silly mapToRegistry   type: 'tag' }
17 silly mapToRegistry uri https://registry.npmjs.org/eslint
18 verbose addNameTag registry:https://registry.npmjs.org/eslint not in flight; fetching
19 verbose request uri https://registry.npmjs.org/eslint
20 verbose request no auth needed
21 info attempt registry request try #1 at 23:13:54
22 verbose request id 2f41129fbb5dee6e
23 verbose etag "29DHFNZ7CDVH7K851M3DI9BTM"
24 http request GET https://registry.npmjs.org/eslint
25 http 304 https://registry.npmjs.org/eslint
26 verbose headers { date: 'Tue, 09 Aug 2016 20:13:54 GMT',
26 verbose headers   via: '1.1 varnish',
26 verbose headers   'cache-control': 'max-age=300',
26 verbose headers   etag: '"29DHFNZ7CDVH7K851M3DI9BTM"',
26 verbose headers   age: '0',
26 verbose headers   connection: 'keep-alive',
26 verbose headers   'x-served-by': 'cache-fra1234-FRA',
26 verbose headers   'x-cache': 'HIT',
26 verbose headers   'x-cache-hits': '1',
26 verbose headers   'x-timer': 'S1470773634.641463,VS0,VE744',
26 verbose headers   vary: 'Accept-Encoding' }
27 silly get cb [ 304,
27 silly get   { date: 'Tue, 09 Aug 2016 20:13:54 GMT',
27 silly get     via: '1.1 varnish',
27 silly get     'cache-control': 'max-age=300',
27 silly get     etag: '"29DHFNZ7CDVH7K851M3DI9BTM"',
27 silly get     age: '0',
27 silly get     connection: 'keep-alive',
27 silly get     'x-served-by': 'cache-fra1234-FRA',
27 silly get     'x-cache': 'HIT',
27 silly get     'x-cache-hits': '1',
27 silly get     'x-timer': 'S1470773634.641463,VS0,VE744',
27 silly get     vary: 'Accept-Encoding' } ]
28 verbose etag https://registry.npmjs.org/eslint from cache
29 verbose get saving eslint to /home/valerij/.npm/registry.npmjs.org/eslint/.cache.json
30 verbose correctMkdir /home/valerij/.npm correctMkdir not in flight; initializing
31 silly addNameTag next cb for eslint with tag latest
32 silly addNamed eslint@3.2.2
33 verbose addNamed "3.2.2" is a plain semver version for eslint
34 silly cache afterAdd eslint@3.2.2
35 verbose afterAdd /home/valerij/.npm/eslint/3.2.2/package/package.json not in flight; writing
36 verbose correctMkdir /home/valerij/.npm correctMkdir not in flight; initializing
37 verbose afterAdd /home/valerij/.npm/eslint/3.2.2/package/package.json written
38 silly install resolved [ { name: 'eslint',
38 silly install resolved     version: '3.2.2',
38 silly install resolved     author:
38 silly install resolved      { name: 'Nicholas C. Zakas',
38 silly install resolved        email: 'nicholas+npm@nczconsulting.com' },
38 silly install resolved     description: 'An AST-based pattern checker for JavaScript.',
38 silly install resolved     bin: { eslint: './bin/eslint.js' },
38 silly install resolved     main: './lib/api.js',
38 silly install resolved     scripts:
38 silly install resolved      { test: 'node Makefile.js test',
38 silly install resolved        lint: 'node Makefile.js lint',
38 silly install resolved        release: 'node Makefile.js release',
38 silly install resolved        alpharelease: 'node Makefile.js prerelease -- alpha',
38 silly install resolved        betarelease: 'node Makefile.js prerelease -- beta',
38 silly install resolved        docs: 'node Makefile.js docs',
38 silly install resolved        gensite: 'node Makefile.js gensite',
38 silly install resolved        browserify: 'node Makefile.js browserify',
38 silly install resolved        perf: 'node Makefile.js perf',
38 silly install resolved        profile: 'beefy tests/bench/bench.js --open -- -t brfs -t ./tests/bench/xform-rules.js -r espree',
38 silly install resolved        coveralls: 'cat ./coverage/lcov.info | coveralls',
38 silly install resolved        'check-commit': 'node Makefile.js checkGitCommit' },
38 silly install resolved     files: [ 'LICENSE', 'README.md', 'bin', 'conf', 'lib', 'messages' ],
38 silly install resolved     repository: { type: 'git', url: 'git+https://github.com/eslint/eslint.git' },
38 silly install resolved     homepage: 'http://eslint.org',
38 silly install resolved     bugs: { url: 'https://github.com/eslint/eslint/issues/' },
38 silly install resolved     dependencies:
38 silly install resolved      { chalk: '^1.1.3',
38 silly install resolved        'concat-stream': '^1.4.6',
38 silly install resolved        debug: '^2.1.1',
38 silly install resolved        doctrine: '^1.2.2',
38 silly install resolved        escope: '^3.6.0',
38 silly install resolved        espree: '^3.1.6',
38 silly install resolved        estraverse: '^4.2.0',
38 silly install resolved        esutils: '^2.0.2',
38 silly install resolved        'file-entry-cache': '^1.3.1',
38 silly install resolved        glob: '^7.0.3',
38 silly install resolved        globals: '^9.2.0',
38 silly install resolved        ignore: '^3.1.2',
38 silly install resolved        imurmurhash: '^0.1.4',
38 silly install resolved        inquirer: '^0.12.0',
38 silly install resolved        'is-my-json-valid': '^2.10.0',
38 silly install resolved        'is-resolvable': '^1.0.0',
38 silly install resolved        'js-yaml': '^3.5.1',
38 silly install resolved        'json-stable-stringify': '^1.0.0',
38 silly install resolved        levn: '^0.3.0',
38 silly install resolved        lodash: '^4.0.0',
38 silly install resolved        mkdirp: '^0.5.0',
38 silly install resolved        optionator: '^0.8.1',
38 silly install resolved        'path-is-inside': '^1.0.1',
38 silly install resolved        pluralize: '^1.2.1',
38 silly install resolved        progress: '^1.1.8',
38 silly install resolved        'require-uncached': '^1.0.2',
38 silly install resolved        shelljs: '^0.6.0',
38 silly install resolved        'strip-bom': '^3.0.0',
38 silly install resolved        'strip-json-comments': '~1.0.1',
38 silly install resolved        table: '^3.7.8',
38 silly install resolved        'text-table': '~0.2.0',
38 silly install resolved        'user-home': '^2.0.0' },
38 silly install resolved     devDependencies:
38 silly install resolved      { 'babel-polyfill': '^6.9.1',
38 silly install resolved        'babel-preset-es2015': '^6.9.0',
38 silly install resolved        babelify: '^7.3.0',
38 silly install resolved        beefy: '^2.0.0',
38 silly install resolved        brfs: '0.0.9',
38 silly install resolved        browserify: '^12.0.1',
38 silly install resolved        chai: '^3.5.0',
38 silly install resolved        cheerio: '^0.19.0',
38 silly install resolved        coveralls: '2.11.4',
38 silly install resolved        dateformat: '^1.0.8',
38 silly install resolved        ejs: '^2.3.3',
38 silly install resolved        'eslint-release': '^0.5.0',
38 silly install resolved        esprima: '^2.4.1',
38 silly install resolved        'esprima-fb': '^15001.1001.0-dev-harmony-fb',
38 silly install resolved        'gh-got': '^2.2.0',
38 silly install resolved        istanbul: '^0.4.0',
38 silly install resolved        jsdoc: '^3.3.0-beta1',
38 silly install resolved        karma: '^0.13.22',
38 silly install resolved        'karma-babel-preprocessor': '^6.0.1',
38 silly install resolved        'karma-mocha': '^1.0.1',
38 silly install resolved        'karma-mocha-reporter': '^2.0.3',
38 silly install resolved        'karma-phantomjs-launcher': '^1.0.0',
38 silly install resolved        leche: '^2.1.1',
38 silly install resolved        linefix: '^0.1.1',
38 silly install resolved        'load-perf': '^0.2.0',
38 silly install resolved        markdownlint: '^0.2.0',
38 silly install resolved        mocha: '^2.4.5',
38 silly install resolved        'mock-fs': '^3.10.0',
38 silly install resolved        'npm-license': '^0.3.2',
38 silly install resolved        'phantomjs-prebuilt': '^2.1.7',
38 silly install resolved        proxyquire: '>=1.0.0 <1.7.5',
38 silly install resolved        semver: '^5.0.3',
38 silly install resolved        'shelljs-nodecli': '~0.1.0',
38 silly install resolved        sinon: '^1.17.2',
38 silly install resolved        temp: '^0.8.3',
38 silly install resolved        through: '^2.3.6' },
38 silly install resolved     keywords: [ 'ast', 'lint', 'javascript', 'ecmascript', 'espree' ],
38 silly install resolved     license: 'MIT',
38 silly install resolved     engines: { node: '>=4' },
38 silly install resolved     gitHead: 'cc4559c9d7b07ee82d73030c5f593968ddf7e0c8',
38 silly install resolved     _id: 'eslint@3.2.2',
38 silly install resolved     _shasum: '47226f6b0e709f23f6acd06c5cc9e97b39574c7c',
38 silly install resolved     _from: 'eslint@latest',
38 silly install resolved     _npmVersion: '2.15.0',
38 silly install resolved     _nodeVersion: '4.4.2',
38 silly install resolved     _npmUser: { name: 'nzakas', email: 'nicholas@nczconsulting.com' },
38 silly install resolved     maintainers: [ [Object], [Object], [Object] ],
38 silly install resolved     dist:
38 silly install resolved      { shasum: '47226f6b0e709f23f6acd06c5cc9e97b39574c7c',
38 silly install resolved        tarball: 'https://registry.npmjs.org/eslint/-/eslint-3.2.2.tgz' },
38 silly install resolved     _npmOperationalInternal:
38 silly install resolved      { host: 'packages-12-west.internal.npmjs.com',
38 silly install resolved        tmp: 'tmp/eslint-3.2.2.tgz_1470077896026_0.7558055422268808' },
38 silly install resolved     directories: {},
38 silly install resolved     _resolved: 'https://registry.npmjs.org/eslint/-/eslint-3.2.2.tgz',
38 silly install resolved     readme: 'ERROR: No README data found!' } ]
39 info install eslint@3.2.2 into /usr/lib
40 info installOne eslint@3.2.2
41 verbose installOne of eslint to /usr/lib not in flight; installing
42 verbose correctMkdir /home/valerij/.npm/_locks correctMkdir not in flight; initializing
43 verbose lock using /home/valerij/.npm/_locks/eslint-5cfcc4d6dc2c2169.lock for /usr/lib/node_modules/eslint
44 warn engine eslint@3.2.2: wanted: {"node":">=4"} (current: {"node":"0.10.25","npm":"2.15.9"})
45 silly install write writing eslint 3.2.2 to /usr/lib/node_modules/eslint
46 verbose unbuild lib/node_modules/eslint
47 silly gentlyRm /usr/lib/node_modules/eslint is being purged from base /usr
48 verbose gentlyRm don't care about contents; nuking /usr/lib/node_modules/eslint
49 verbose tar unpack /home/valerij/.npm/eslint/3.2.2/package.tgz
50 verbose tar unpacking to /usr/lib/node_modules/eslint
51 silly gentlyRm /usr/lib/node_modules/eslint is being purged
52 verbose gentlyRm don't care about contents; nuking /usr/lib/node_modules/eslint
53 silly gunzTarPerm modes [ '775', '664' ]
54 error tar.unpack untar error /home/valerij/.npm/eslint/3.2.2/package.tgz
55 verbose unlock done using /home/valerij/.npm/_locks/eslint-5cfcc4d6dc2c2169.lock for /usr/lib/node_modules/eslint
56 verbose fstream_path /usr/lib/node_modules/eslint
57 verbose fstream_type Directory
58 verbose fstream_class DirWriter
59 verbose stack Error: EACCES, mkdir '/usr/lib/node_modules/eslint'
60 verbose fstream_stack /usr/local/lib/node_modules/npm/node_modules/fstream/lib/dir-writer.js:35:25
60 verbose fstream_stack /usr/local/lib/node_modules/npm/node_modules/mkdirp/index.js:47:53
60 verbose fstream_stack Object.oncomplete (fs.js:107:15)
61 verbose cwd /home/valerij/myproject
62 error Linux 3.19.0-65-generic
63 error argv "node" "/usr/local/bin/npm" "install" "-g" "eslint"
64 error node v0.10.25
65 error npm  v2.15.9
66 error path /usr/lib/node_modules/eslint
67 error code EACCES
68 error errno 3
69 error Error: EACCES, mkdir '/usr/lib/node_modules/eslint'
69 error  { [Error: EACCES, mkdir '/usr/lib/node_modules/eslint']
69 error   errno: 3,
69 error   code: 'EACCES',
69 error   path: '/usr/lib/node_modules/eslint',
69 error   fstream_type: 'Directory',
69 error   fstream_path: '/usr/lib/node_modules/eslint',
69 error   fstream_class: 'DirWriter',
69 error   fstream_stack:
69 error    [ '/usr/local/lib/node_modules/npm/node_modules/fstream/lib/dir-writer.js:35:25',
69 error      '/usr/local/lib/node_modules/npm/node_modules/mkdirp/index.js:47:53',
69 error      'Object.oncomplete (fs.js:107:15)' ] }
70 error Please try running this command again as root/Administrator.
71 verbose exit [ 3, true ]
72 verbose unbuild lib/node_modules/eslint
73 silly gentlyRm /usr/lib/node_modules/eslint is being purged from base /usr
74 verbose gentlyRm don't care about contents; nuking /usr/lib/node_modules/eslint
